<?xml version="1.0" encoding="UTF-8"?>
<Site BuildName="Win32-MSBuild"
	BuildStamp="20250924-1540-Experimental"
	Name="LAPTOP-FGPTRUID"
	Generator="ctest-3.30.5-msvc23"
	CompilerName="C:/Program Files/Microsoft Visual Studio/2022/Community/VC/Tools/MSVC/14.43.34808/bin/Hostx64/x64/cl.exe"
	CompilerVersion="19.43.34808.0"
	OSName="Windows"
	Hostname="LAPTOP-FGPTRUID"
	OSRelease=" Personal"
	OSVersion=" (Build 19045)"
	OSPlatform="AMD64"
	Is64Bits="1"
	VendorString="AuthenticAMD"
	VendorID="Advanced Micro Devices"
	FamilyID="15"
	ModelID="0"
	ProcessorCacheSize="64"
	NumberOfLogicalCPU="16"
	NumberOfPhysicalCPU="8"
	TotalVirtualMemory="25469"
	TotalPhysicalMemory="15741"
	LogicalProcessorsPerPhysical="2"
	ProcessorClockFrequency="2894"
	>
	<Testing>
		<StartDateTime>Sep 24 19:39 Eastern Daylight Time</StartDateTime>
		<StartTestTime>1758757152</StartTestTime>
		<TestList/>
		<EndDateTime>Sep 24 19:39 Eastern Daylight Time</EndDateTime>
		<EndTestTime>1758757152</EndTestTime>
		<ElapsedMinutes>0</ElapsedMinutes>
	</Testing>
</Site>
